<?xml version="1.0" encoding="UTF-8"?>
<!-- Generated by org.testng.reporters.JUnitReportReporter -->
<testsuite hostname="USD1400983" name="uitests.smoke.SampleTestClass" tests="1" failures="1" timestamp="12 Apr 2016 16:49:07 GMT" time="0.000" errors="0">
  <testcase name="testMethod" time="0.000" classname="uitests.smoke.SampleTestClass">
    <failure type="org.testng.TestNGException" message="
Parameter &#039;enter search&#039; is required by @Test on method testMethod but has not been marked @Optional or defined
in C:\Users\pquinn\git\bannerSelenium\testng\TestNG_Smoke_Firefox.xml">
      <![CDATA[org.testng.TestNGException: 
Parameter 'enter search' is required by @Test on method testMethod but has not been marked @Optional or defined
in C:\Users\pquinn\git\bannerSelenium\testng\TestNG_Smoke_Firefox.xml
	at org.testng.internal.Parameters.createParameters(Parameters.java:155)
	at org.testng.internal.Parameters.createParameters(Parameters.java:358)
	at org.testng.internal.Parameters.handleParameters(Parameters.java:450)
	at org.testng.internal.Invoker.handleParameters(Invoker.java:1383)
	at org.testng.internal.Invoker.createParameters(Invoker.java:1075)
	at org.testng.internal.Invoker.invokeTestMethods(Invoker.java:1180)
	at org.testng.internal.TestMethodWorker.invokeTestMethods(TestMethodWorker.java:127)
	at org.testng.internal.TestMethodWorker.run(TestMethodWorker.java:111)
	at org.testng.TestRunner.privateRun(TestRunner.java:767)
	at org.testng.TestRunner.run(TestRunner.java:617)
	at org.testng.SuiteRunner.runTest(SuiteRunner.java:348)
	at org.testng.SuiteRunner.access$000(SuiteRunner.java:38)
	at org.testng.SuiteRunner$SuiteWorker.run(SuiteRunner.java:382)
	at org.testng.internal.thread.ThreadUtil$2.call(ThreadUtil.java:64)
	at java.util.concurrent.FutureTask.run(Unknown Source)
	at java.util.concurrent.ThreadPoolExecutor.runWorker(Unknown Source)
	at java.util.concurrent.ThreadPoolExecutor$Worker.run(Unknown Source)
	at java.lang.Thread.run(Unknown Source)
]]>
    </failure>
  </testcase> <!-- testMethod -->
</testsuite> <!-- uitests.smoke.SampleTestClass -->
