<?xml version="1.0" encoding="UTF-8"?>
<!-- Generated by org.testng.reporters.JUnitReportReporter -->
<testsuite hostname="USD1400983" name="uitests.smoke.SampleTestClass" tests="1" failures="0" timestamp="14 Apr 2016 20:28:47 GMT" time="10.490" errors="0">
  <testcase name="testMethod" time="10.490" classname="uitests.smoke.SampleTestClass"/>
</testsuite> <!-- uitests.smoke.SampleTestClass -->
